<?xml version="1.0" encoding="UTF-8"?>
<!-- Generated by org.testng.reporters.JUnitXMLReporter -->
<testsuite ignored="7" hostname="RameshCh" failures="0" tests="8" name="OpenCartTest(failed)" time="98.119" errors="0" timestamp="2023-04-12T19:37:30 MST">
  <testcase classname="com.qa.opencart.testcase.MyAccountPageTest" name="PerformProductSearchTest" time="5.072"/>
  <testcase classname="com.qa.opencart.testcase.MyAccountPageTest" name="PerformProductSearchTest" time="4.962"/>
  <testcase classname="com.qa.opencart.testcase.MyAccountPageTest" name="PerformProductSearchTest" time="5.013"/>
  <testcase classname="com.qa.opencart.testcase.ProductDetailsPageTest" name="productImageTest" time="7.15"/>
  <testcase classname="com.qa.opencart.testcase.ProductDetailsPageTest" name="productImageTest" time="6.098"/>
  <testcase classname="com.qa.opencart.testcase.ProductDetailsPageTest" name="productImageTest" time="6.083"/>
  <testcase classname="com.qa.opencart.testcase.ProductDetailsPageTest" name="productImageTest" time="5.841"/>
  <testcase classname="com.qa.opencart.testcase.ProductDetailsPageTest" name="productImageTest" time="5.897"/>
  <testcase classname="com.qa.opencart.testcase.MyAccountPageTest" name="verifyMyAccountPageTitleTest" time="0.0">
    <ignored/>
  </testcase> <!-- verifyMyAccountPageTitleTest -->
  <testcase classname="com.qa.opencart.testcase.MyAccountPageTest" name="verifyMyAccountMenuOptionsTest" time="0.0">
    <ignored/>
  </testcase> <!-- verifyMyAccountMenuOptionsTest -->
  <testcase classname="com.qa.opencart.testcase.ProductDetailsPageTest" name="ProductMetadataTest" time="0.0">
    <ignored/>
  </testcase> <!-- ProductMetadataTest -->
  <testcase classname="com.qa.opencart.testcase.MyAccountPageTest" name="verifyBrokenLinksInMyAccountPageTest" time="0.0">
    <ignored/>
  </testcase> <!-- verifyBrokenLinksInMyAccountPageTest -->
  <testcase classname="com.qa.opencart.testcase.MyAccountPageTest" name="verifyMyAccountPageUrlTest" time="0.0">
    <ignored/>
  </testcase> <!-- verifyMyAccountPageUrlTest -->
  <testcase classname="com.qa.opencart.testcase.MyAccountPageTest" name="verifyMyAccountPageElementsTest" time="0.0">
    <ignored/>
  </testcase> <!-- verifyMyAccountPageElementsTest -->
  <testcase classname="com.qa.opencart.testcase.MyAccountPageTest" name="verifyMyAccountHeadersListTest" time="0.0">
    <ignored/>
  </testcase> <!-- verifyMyAccountHeadersListTest -->
</testsuite> <!-- OpenCartTest(failed) -->
