<?xml version="1.0" encoding="UTF-8"?>
<!-- Generated by org.testng.reporters.JUnitXMLReporter -->
<testsuite ignored="0" hostname="RameshCh" failures="0" tests="33" name="OpenCartTest" time="525.182" errors="0" timestamp="2023-04-14T18:51:48 MST">
  <testcase classname="com.qa.opencart.testcase.HomePageTest" name="verifyOpenCartLogoTest" time="0.158"/>
  <testcase classname="com.qa.opencart.testcase.HomePageTest" name="verifyOpenCartPageTitleTest" time="0.011"/>
  <testcase classname="com.qa.opencart.testcase.HomePageTest" name="navigateToRegistrationPageTest" time="8.295"/>
  <testcase classname="com.qa.opencart.testcase.HomePageTest" name="navigateToLoginPageTest" time="7.811"/>
  <testcase classname="com.qa.opencart.testcase.LoginPageTest" name="verifyLoginPageUrlTest" time="0.031"/>
  <testcase classname="com.qa.opencart.testcase.LoginPageTest" name="verifyLoginPageTitleTest" time="0.016"/>
  <testcase classname="com.qa.opencart.testcase.LoginPageTest" name="verifyNewCustomerHeaderTest" time="0.083"/>
  <testcase classname="com.qa.opencart.testcase.LoginPageTest" name="verifyRegisterAccountTextTest" time="0.073"/>
  <testcase classname="com.qa.opencart.testcase.LoginPageTest" name="navigateToRegistrationPageTest" time="3.428"/>
  <testcase classname="com.qa.opencart.testcase.LoginPageTest" name="navigateToForgotPasswordPageTest" time="3.175"/>
  <testcase classname="com.qa.opencart.testcase.LoginPageTest" name="verifyReturningCustomerHeaderTextTest" time="0.069"/>
  <testcase classname="com.qa.opencart.testcase.LoginPageTest" name="emptyLoginTest" time="9.677"/>
  <testcase classname="com.qa.opencart.testcase.LoginPageTest" name="happyPathLoginTest" time="7.681"/>
  <testcase classname="com.qa.opencart.testcase.MyAccountPageTest" name="verifyMyAccountPageUrlTest" time="0.036"/>
  <testcase classname="com.qa.opencart.testcase.MyAccountPageTest" name="verifyMyAccountPageTitleTest" time="0.007"/>
  <testcase classname="com.qa.opencart.testcase.MyAccountPageTest" name="verifyMyAccountPageElementsTest" time="2.292"/>
  <testcase classname="com.qa.opencart.testcase.MyAccountPageTest" name="verifyMyAccountMenuOptionsTest" time="2.313"/>
  <testcase classname="com.qa.opencart.testcase.MyAccountPageTest" name="verifyMyAccountHeadersListTest" time="0.064"/>
  <testcase classname="com.qa.opencart.testcase.MyAccountPageTest" name="verifyBrokenLinksInMyAccountPageTest" time="32.665"/>
  <testcase classname="com.qa.opencart.testcase.MyAccountPageTest" name="PerformProductSearchTest" time="5.823"/>
  <testcase classname="com.qa.opencart.testcase.MyAccountPageTest" name="PerformProductSearchTest" time="5.494"/>
  <testcase classname="com.qa.opencart.testcase.MyAccountPageTest" name="PerformProductSearchTest" time="5.358"/>
  <testcase classname="com.qa.opencart.testcase.RegistrationPageTest" name="RegisterAccountTest" time="45.808"/>
  <testcase classname="com.qa.opencart.testcase.RegistrationPageTest" name="registerAccountWithExcelDataTest" time="44.573"/>
  <testcase classname="com.qa.opencart.testcase.RegistrationPageTest" name="registerAccountWithExcelDataTest" time="45.569"/>
  <testcase classname="com.qa.opencart.testcase.RegistrationPageTest" name="registerAccountWithExcelDataTest" time="45.745"/>
  <testcase classname="com.qa.opencart.testcase.RegistrationPageTest" name="registerAccountWithExcelDataTest" time="45.144"/>
  <testcase classname="com.qa.opencart.testcase.ProductDetailsPageTest" name="productImageTest" time="6.863"/>
  <testcase classname="com.qa.opencart.testcase.ProductDetailsPageTest" name="productImageTest" time="6.033"/>
  <testcase classname="com.qa.opencart.testcase.ProductDetailsPageTest" name="productImageTest" time="6.346"/>
  <testcase classname="com.qa.opencart.testcase.ProductDetailsPageTest" name="productImageTest" time="6.08"/>
  <testcase classname="com.qa.opencart.testcase.ProductDetailsPageTest" name="productImageTest" time="6.795"/>
  <testcase classname="com.qa.opencart.testcase.ProductDetailsPageTest" name="ProductMetadataTest" time="6.51"/>
</testsuite> <!-- OpenCartTest -->
