<?xml version="1.0" encoding="UTF-8"?>
<testng-results ignored="0" total="33" passed="33" failed="0" skipped="0">
  <reporter-output>
  </reporter-output>
  <suite started-at="2023-04-14T18:43:02 MST" name="OpenCartSuite" finished-at="2023-04-14T18:51:47 MST" duration-ms="525182">
    <groups>
    </groups>
    <test started-at="2023-04-14T18:43:02 MST" name="OpenCartTest" finished-at="2023-04-14T18:51:47 MST" duration-ms="525182">
      <class name="com.qa.opencart.testcase.HomePageTest">
        <test-method is-config="true" signature="commonSetUp(java.lang.String)[pri:0, instance:com.qa.opencart.testcase.HomePageTest@703feacd]" started-at="2023-04-14T18:43:04 MST" name="commonSetUp" finished-at="2023-04-14T18:43:14 MST" duration-ms="10232" status="PASS">
          <params>
            <param index="0">
              <value>
                <![CDATA[chrome]]>
              </value>
            </param>
          </params>
          <reporter-output>
          </reporter-output>
        </test-method> <!-- commonSetUp -->
        <test-method is-config="true" signature="beforeClass()[pri:0, instance:com.qa.opencart.testcase.HomePageTest@703feacd]" started-at="2023-04-14T18:43:14 MST" name="beforeClass" finished-at="2023-04-14T18:43:14 MST" duration-ms="78" status="PASS">
          <reporter-output>
          </reporter-output>
        </test-method> <!-- beforeClass -->
        <test-method is-config="true" signature="beforeMethod()[pri:0, instance:com.qa.opencart.testcase.HomePageTest@703feacd]" started-at="2023-04-14T18:43:14 MST" name="beforeMethod" finished-at="2023-04-14T18:43:14 MST" duration-ms="11" status="PASS">
          <reporter-output>
          </reporter-output>
        </test-method> <!-- beforeMethod -->
        <test-method signature="verifyOpenCartLogoTest()[pri:1, instance:com.qa.opencart.testcase.HomePageTest@703feacd]" started-at="2023-04-14T18:43:14 MST" name="verifyOpenCartLogoTest" description="TC_01_Verifying the opencart Logo" finished-at="2023-04-14T18:43:14 MST" duration-ms="158" status="PASS">
          <reporter-output>
          </reporter-output>
        </test-method> <!-- verifyOpenCartLogoTest -->
        <test-method is-config="true" signature="afterMethod()[pri:0, instance:com.qa.opencart.testcase.HomePageTest@703feacd]" started-at="2023-04-14T18:43:15 MST" name="afterMethod" finished-at="2023-04-14T18:43:15 MST" duration-ms="32" status="PASS">
          <reporter-output>
          </reporter-output>
        </test-method> <!-- afterMethod -->
        <test-method is-config="true" signature="beforeMethod()[pri:0, instance:com.qa.opencart.testcase.HomePageTest@703feacd]" started-at="2023-04-14T18:43:15 MST" name="beforeMethod" finished-at="2023-04-14T18:43:15 MST" duration-ms="12" status="PASS">
          <reporter-output>
          </reporter-output>
        </test-method> <!-- beforeMethod -->
        <test-method signature="verifyOpenCartPageTitleTest()[pri:2, instance:com.qa.opencart.testcase.HomePageTest@703feacd]" started-at="2023-04-14T18:43:15 MST" name="verifyOpenCartPageTitleTest" description="TC_02_Verifying the opencart Page Title" finished-at="2023-04-14T18:43:15 MST" duration-ms="11" status="PASS">
          <reporter-output>
          </reporter-output>
        </test-method> <!-- verifyOpenCartPageTitleTest -->
        <test-method is-config="true" signature="afterMethod()[pri:0, instance:com.qa.opencart.testcase.HomePageTest@703feacd]" started-at="2023-04-14T18:43:15 MST" name="afterMethod" finished-at="2023-04-14T18:43:15 MST" duration-ms="18" status="PASS">
          <reporter-output>
          </reporter-output>
        </test-method> <!-- afterMethod -->
        <test-method is-config="true" signature="beforeMethod()[pri:0, instance:com.qa.opencart.testcase.HomePageTest@703feacd]" started-at="2023-04-14T18:43:15 MST" name="beforeMethod" finished-at="2023-04-14T18:43:15 MST" duration-ms="13" status="PASS">
          <reporter-output>
          </reporter-output>
        </test-method> <!-- beforeMethod -->
        <test-method signature="navigateToRegistrationPageTest()[pri:3, instance:com.qa.opencart.testcase.HomePageTest@703feacd]" started-at="2023-04-14T18:43:15 MST" name="navigateToRegistrationPageTest" description="TC_03_navigate to registration Page" finished-at="2023-04-14T18:43:23 MST" duration-ms="8295" status="PASS">
          <reporter-output>
          </reporter-output>
        </test-method> <!-- navigateToRegistrationPageTest -->
        <test-method is-config="true" signature="afterMethod()[pri:0, instance:com.qa.opencart.testcase.HomePageTest@703feacd]" started-at="2023-04-14T18:43:24 MST" name="afterMethod" finished-at="2023-04-14T18:43:24 MST" duration-ms="27" status="PASS">
          <reporter-output>
          </reporter-output>
        </test-method> <!-- afterMethod -->
        <test-method is-config="true" signature="beforeMethod()[pri:0, instance:com.qa.opencart.testcase.HomePageTest@703feacd]" started-at="2023-04-14T18:43:24 MST" name="beforeMethod" finished-at="2023-04-14T18:43:24 MST" duration-ms="9" status="PASS">
          <reporter-output>
          </reporter-output>
        </test-method> <!-- beforeMethod -->
        <test-method signature="navigateToLoginPageTest()[pri:4, instance:com.qa.opencart.testcase.HomePageTest@703feacd]" started-at="2023-04-14T18:43:24 MST" name="navigateToLoginPageTest" description="TC_04_navigate to Login Page" finished-at="2023-04-14T18:43:32 MST" duration-ms="7811" status="PASS">
          <reporter-output>
          </reporter-output>
        </test-method> <!-- navigateToLoginPageTest -->
        <test-method is-config="true" signature="afterMethod()[pri:0, instance:com.qa.opencart.testcase.HomePageTest@703feacd]" started-at="2023-04-14T18:43:32 MST" name="afterMethod" finished-at="2023-04-14T18:43:32 MST" duration-ms="25" status="PASS">
          <reporter-output>
          </reporter-output>
        </test-method> <!-- afterMethod -->
        <test-method is-config="true" signature="commonTearDown()[pri:0, instance:com.qa.opencart.testcase.HomePageTest@703feacd]" started-at="2023-04-14T18:43:32 MST" name="commonTearDown" finished-at="2023-04-14T18:43:32 MST" duration-ms="290" status="PASS">
          <reporter-output>
          </reporter-output>
        </test-method> <!-- commonTearDown -->
      </class> <!-- com.qa.opencart.testcase.HomePageTest -->
      <class name="com.qa.opencart.testcase.MyAccountPageTest">
        <test-method is-config="true" signature="commonSetUp(java.lang.String)[pri:0, instance:com.qa.opencart.testcase.MyAccountPageTest@2b97cc1f]" started-at="2023-04-14T18:44:17 MST" name="commonSetUp" finished-at="2023-04-14T18:44:23 MST" duration-ms="5832" status="PASS">
          <params>
            <param index="0">
              <value>
                <![CDATA[chrome]]>
              </value>
            </param>
          </params>
          <reporter-output>
          </reporter-output>
        </test-method> <!-- commonSetUp -->
        <test-method is-config="true" signature="beforeClass()[pri:0, instance:com.qa.opencart.testcase.MyAccountPageTest@2b97cc1f]" started-at="2023-04-14T18:44:23 MST" name="beforeClass" finished-at="2023-04-14T18:44:36 MST" duration-ms="13208" status="PASS">
          <reporter-output>
          </reporter-output>
        </test-method> <!-- beforeClass -->
        <test-method is-config="true" signature="beforeMethod()[pri:0, instance:com.qa.opencart.testcase.MyAccountPageTest@2b97cc1f]" started-at="2023-04-14T18:44:36 MST" name="beforeMethod" finished-at="2023-04-14T18:44:36 MST" duration-ms="21" status="PASS">
          <reporter-output>
          </reporter-output>
        </test-method> <!-- beforeMethod -->
        <test-method signature="verifyMyAccountPageUrlTest()[pri:1, instance:com.qa.opencart.testcase.MyAccountPageTest@2b97cc1f]" started-at="2023-04-14T18:44:36 MST" name="verifyMyAccountPageUrlTest" description="TC_01_VerifyingMyAccountPage url" finished-at="2023-04-14T18:44:36 MST" duration-ms="36" status="PASS">
          <reporter-output>
          </reporter-output>
        </test-method> <!-- verifyMyAccountPageUrlTest -->
        <test-method is-config="true" signature="beforeMethod()[pri:0, instance:com.qa.opencart.testcase.MyAccountPageTest@2b97cc1f]" started-at="2023-04-14T18:44:37 MST" name="beforeMethod" finished-at="2023-04-14T18:44:37 MST" duration-ms="10" status="PASS">
          <reporter-output>
          </reporter-output>
        </test-method> <!-- beforeMethod -->
        <test-method signature="verifyMyAccountPageTitleTest()[pri:2, instance:com.qa.opencart.testcase.MyAccountPageTest@2b97cc1f]" started-at="2023-04-14T18:44:37 MST" name="verifyMyAccountPageTitleTest" description="TC_02_Verifying the MyAccount Page Title" finished-at="2023-04-14T18:44:37 MST" duration-ms="7" status="PASS">
          <reporter-output>
          </reporter-output>
        </test-method> <!-- verifyMyAccountPageTitleTest -->
        <test-method is-config="true" signature="beforeMethod()[pri:0, instance:com.qa.opencart.testcase.MyAccountPageTest@2b97cc1f]" started-at="2023-04-14T18:44:37 MST" name="beforeMethod" finished-at="2023-04-14T18:44:37 MST" duration-ms="5" status="PASS">
          <reporter-output>
          </reporter-output>
        </test-method> <!-- beforeMethod -->
        <test-method signature="verifyMyAccountPageElementsTest()[pri:3, instance:com.qa.opencart.testcase.MyAccountPageTest@2b97cc1f]" started-at="2023-04-14T18:44:37 MST" name="verifyMyAccountPageElementsTest" description="TC_03_verify My Account Page Elements" finished-at="2023-04-14T18:44:39 MST" duration-ms="2292" status="PASS">
          <reporter-output>
          </reporter-output>
        </test-method> <!-- verifyMyAccountPageElementsTest -->
        <test-method is-config="true" signature="beforeMethod()[pri:0, instance:com.qa.opencart.testcase.MyAccountPageTest@2b97cc1f]" started-at="2023-04-14T18:44:39 MST" name="beforeMethod" finished-at="2023-04-14T18:44:39 MST" duration-ms="13" status="PASS">
          <reporter-output>
          </reporter-output>
        </test-method> <!-- beforeMethod -->
        <test-method signature="verifyMyAccountMenuOptionsTest()[pri:4, instance:com.qa.opencart.testcase.MyAccountPageTest@2b97cc1f]" started-at="2023-04-14T18:44:39 MST" name="verifyMyAccountMenuOptionsTest" description="TC_04_verify My account options list" finished-at="2023-04-14T18:44:42 MST" duration-ms="2313" status="PASS">
          <reporter-output>
          </reporter-output>
        </test-method> <!-- verifyMyAccountMenuOptionsTest -->
        <test-method is-config="true" signature="beforeMethod()[pri:0, instance:com.qa.opencart.testcase.MyAccountPageTest@2b97cc1f]" started-at="2023-04-14T18:44:42 MST" name="beforeMethod" finished-at="2023-04-14T18:44:42 MST" duration-ms="10" status="PASS">
          <reporter-output>
          </reporter-output>
        </test-method> <!-- beforeMethod -->
        <test-method signature="verifyMyAccountHeadersListTest()[pri:5, instance:com.qa.opencart.testcase.MyAccountPageTest@2b97cc1f]" started-at="2023-04-14T18:44:42 MST" name="verifyMyAccountHeadersListTest" description="TC_05_Verify My Account headers list " finished-at="2023-04-14T18:44:42 MST" duration-ms="64" status="PASS">
          <reporter-output>
          </reporter-output>
        </test-method> <!-- verifyMyAccountHeadersListTest -->
        <test-method is-config="true" signature="beforeMethod()[pri:0, instance:com.qa.opencart.testcase.MyAccountPageTest@2b97cc1f]" started-at="2023-04-14T18:44:42 MST" name="beforeMethod" finished-at="2023-04-14T18:44:42 MST" duration-ms="11" status="PASS">
          <reporter-output>
          </reporter-output>
        </test-method> <!-- beforeMethod -->
        <test-method signature="verifyBrokenLinksInMyAccountPageTest()[pri:6, instance:com.qa.opencart.testcase.MyAccountPageTest@2b97cc1f]" started-at="2023-04-14T18:44:42 MST" name="verifyBrokenLinksInMyAccountPageTest" description="TC_06_verify the broken links in my account page" finished-at="2023-04-14T18:45:15 MST" duration-ms="32665" status="PASS">
          <reporter-output>
          </reporter-output>
        </test-method> <!-- verifyBrokenLinksInMyAccountPageTest -->
        <test-method is-config="true" signature="beforeMethod()[pri:0, instance:com.qa.opencart.testcase.MyAccountPageTest@2b97cc1f]" started-at="2023-04-14T18:45:15 MST" name="beforeMethod" finished-at="2023-04-14T18:45:15 MST" duration-ms="16" status="PASS">
          <reporter-output>
          </reporter-output>
        </test-method> <!-- beforeMethod -->
        <test-method signature="PerformProductSearchTest(java.lang.String)[pri:7, instance:com.qa.opencart.testcase.MyAccountPageTest@2b97cc1f]" started-at="2023-04-14T18:45:15 MST" name="PerformProductSearchTest" description="TC_07_Perform product search" data-provider="products" finished-at="2023-04-14T18:45:21 MST" duration-ms="5823" status="PASS">
          <params>
            <param index="0">
              <value>
                <![CDATA[MacBook]]>
              </value>
            </param>
          </params>
          <reporter-output>
          </reporter-output>
        </test-method> <!-- PerformProductSearchTest -->
        <test-method is-config="true" signature="beforeMethod()[pri:0, instance:com.qa.opencart.testcase.MyAccountPageTest@2b97cc1f]" started-at="2023-04-14T18:45:21 MST" name="beforeMethod" finished-at="2023-04-14T18:45:21 MST" duration-ms="12" status="PASS">
          <reporter-output>
          </reporter-output>
        </test-method> <!-- beforeMethod -->
        <test-method signature="PerformProductSearchTest(java.lang.String)[pri:7, instance:com.qa.opencart.testcase.MyAccountPageTest@2b97cc1f]" started-at="2023-04-14T18:45:21 MST" name="PerformProductSearchTest" description="TC_07_Perform product search" data-provider="products" finished-at="2023-04-14T18:45:27 MST" duration-ms="5494" status="PASS">
          <params>
            <param index="0">
              <value>
                <![CDATA[iMac]]>
              </value>
            </param>
          </params>
          <reporter-output>
          </reporter-output>
        </test-method> <!-- PerformProductSearchTest -->
        <test-method is-config="true" signature="beforeMethod()[pri:0, instance:com.qa.opencart.testcase.MyAccountPageTest@2b97cc1f]" started-at="2023-04-14T18:45:27 MST" name="beforeMethod" finished-at="2023-04-14T18:45:27 MST" duration-ms="9" status="PASS">
          <reporter-output>
          </reporter-output>
        </test-method> <!-- beforeMethod -->
        <test-method signature="PerformProductSearchTest(java.lang.String)[pri:7, instance:com.qa.opencart.testcase.MyAccountPageTest@2b97cc1f]" started-at="2023-04-14T18:45:27 MST" name="PerformProductSearchTest" description="TC_07_Perform product search" data-provider="products" finished-at="2023-04-14T18:45:32 MST" duration-ms="5358" status="PASS">
          <params>
            <param index="0">
              <value>
                <![CDATA[Samsung]]>
              </value>
            </param>
          </params>
          <reporter-output>
          </reporter-output>
        </test-method> <!-- PerformProductSearchTest -->
        <test-method is-config="true" signature="doLogout()[pri:0, instance:com.qa.opencart.testcase.MyAccountPageTest@2b97cc1f]" started-at="2023-04-14T18:45:33 MST" name="doLogout" finished-at="2023-04-14T18:45:41 MST" duration-ms="8088" status="PASS">
          <reporter-output>
          </reporter-output>
        </test-method> <!-- doLogout -->
        <test-method is-config="true" signature="commonTearDown()[pri:0, instance:com.qa.opencart.testcase.MyAccountPageTest@2b97cc1f]" started-at="2023-04-14T18:45:41 MST" name="commonTearDown" finished-at="2023-04-14T18:45:41 MST" duration-ms="354" status="PASS">
          <reporter-output>
          </reporter-output>
        </test-method> <!-- commonTearDown -->
      </class> <!-- com.qa.opencart.testcase.MyAccountPageTest -->
      <class name="com.qa.opencart.testcase.LoginPageTest">
        <test-method is-config="true" signature="commonSetUp(java.lang.String)[pri:0, instance:com.qa.opencart.testcase.LoginPageTest@13cd7ea5]" started-at="2023-04-14T18:43:32 MST" name="commonSetUp" finished-at="2023-04-14T18:43:38 MST" duration-ms="5183" status="PASS">
          <params>
            <param index="0">
              <value>
                <![CDATA[chrome]]>
              </value>
            </param>
          </params>
          <reporter-output>
          </reporter-output>
        </test-method> <!-- commonSetUp -->
        <test-method is-config="true" signature="beforeClass()[pri:0, instance:com.qa.opencart.testcase.LoginPageTest@13cd7ea5]" started-at="2023-04-14T18:43:38 MST" name="beforeClass" finished-at="2023-04-14T18:43:43 MST" duration-ms="5099" status="PASS">
          <reporter-output>
          </reporter-output>
        </test-method> <!-- beforeClass -->
        <test-method is-config="true" signature="beforeMethod()[pri:0, instance:com.qa.opencart.testcase.LoginPageTest@13cd7ea5]" started-at="2023-04-14T18:43:43 MST" name="beforeMethod" finished-at="2023-04-14T18:43:43 MST" duration-ms="12" status="PASS">
          <reporter-output>
          </reporter-output>
        </test-method> <!-- beforeMethod -->
        <test-method signature="verifyLoginPageUrlTest()[pri:1, instance:com.qa.opencart.testcase.LoginPageTest@13cd7ea5]" started-at="2023-04-14T18:43:43 MST" name="verifyLoginPageUrlTest" description="TC_01_Verifying the login page url" finished-at="2023-04-14T18:43:43 MST" duration-ms="31" status="PASS">
          <reporter-output>
          </reporter-output>
        </test-method> <!-- verifyLoginPageUrlTest -->
        <test-method is-config="true" signature="beforeMethod()[pri:0, instance:com.qa.opencart.testcase.LoginPageTest@13cd7ea5]" started-at="2023-04-14T18:43:43 MST" name="beforeMethod" finished-at="2023-04-14T18:43:43 MST" duration-ms="10" status="PASS">
          <reporter-output>
          </reporter-output>
        </test-method> <!-- beforeMethod -->
        <test-method signature="verifyLoginPageTitleTest()[pri:2, instance:com.qa.opencart.testcase.LoginPageTest@13cd7ea5]" started-at="2023-04-14T18:43:43 MST" name="verifyLoginPageTitleTest" description="TC_02_Verifying the Login Page Title" finished-at="2023-04-14T18:43:43 MST" duration-ms="16" status="PASS">
          <reporter-output>
          </reporter-output>
        </test-method> <!-- verifyLoginPageTitleTest -->
        <test-method is-config="true" signature="beforeMethod()[pri:0, instance:com.qa.opencart.testcase.LoginPageTest@13cd7ea5]" started-at="2023-04-14T18:43:43 MST" name="beforeMethod" finished-at="2023-04-14T18:43:43 MST" duration-ms="9" status="PASS">
          <reporter-output>
          </reporter-output>
        </test-method> <!-- beforeMethod -->
        <test-method signature="verifyNewCustomerHeaderTest()[pri:3, instance:com.qa.opencart.testcase.LoginPageTest@13cd7ea5]" started-at="2023-04-14T18:43:43 MST" name="verifyNewCustomerHeaderTest" description="TC_03_verify newCustomer header in login Page" finished-at="2023-04-14T18:43:43 MST" duration-ms="83" status="PASS">
          <reporter-output>
          </reporter-output>
        </test-method> <!-- verifyNewCustomerHeaderTest -->
        <test-method is-config="true" signature="beforeMethod()[pri:0, instance:com.qa.opencart.testcase.LoginPageTest@13cd7ea5]" started-at="2023-04-14T18:43:44 MST" name="beforeMethod" finished-at="2023-04-14T18:43:44 MST" duration-ms="11" status="PASS">
          <reporter-output>
          </reporter-output>
        </test-method> <!-- beforeMethod -->
        <test-method signature="verifyRegisterAccountTextTest()[pri:4, instance:com.qa.opencart.testcase.LoginPageTest@13cd7ea5]" started-at="2023-04-14T18:43:44 MST" name="verifyRegisterAccountTextTest" description="TC_04_verify register account text in login Page" finished-at="2023-04-14T18:43:44 MST" duration-ms="73" status="PASS">
          <reporter-output>
          </reporter-output>
        </test-method> <!-- verifyRegisterAccountTextTest -->
        <test-method is-config="true" signature="beforeMethod()[pri:0, instance:com.qa.opencart.testcase.LoginPageTest@13cd7ea5]" started-at="2023-04-14T18:43:44 MST" name="beforeMethod" finished-at="2023-04-14T18:43:44 MST" duration-ms="8" status="PASS">
          <reporter-output>
          </reporter-output>
        </test-method> <!-- beforeMethod -->
        <test-method signature="navigateToRegistrationPageTest()[pri:5, instance:com.qa.opencart.testcase.LoginPageTest@13cd7ea5]" started-at="2023-04-14T18:43:44 MST" name="navigateToRegistrationPageTest" description="TC_05_navigate to Registration from login Page" finished-at="2023-04-14T18:43:47 MST" duration-ms="3428" status="PASS">
          <reporter-output>
          </reporter-output>
        </test-method> <!-- navigateToRegistrationPageTest -->
        <test-method is-config="true" signature="beforeMethod()[pri:0, instance:com.qa.opencart.testcase.LoginPageTest@13cd7ea5]" started-at="2023-04-14T18:43:48 MST" name="beforeMethod" finished-at="2023-04-14T18:43:48 MST" duration-ms="8" status="PASS">
          <reporter-output>
          </reporter-output>
        </test-method> <!-- beforeMethod -->
        <test-method signature="navigateToForgotPasswordPageTest()[pri:6, instance:com.qa.opencart.testcase.LoginPageTest@13cd7ea5]" started-at="2023-04-14T18:43:48 MST" name="navigateToForgotPasswordPageTest" description="TC_06_navigate to Forgot Password page from login Page" finished-at="2023-04-14T18:43:51 MST" duration-ms="3175" status="PASS">
          <reporter-output>
          </reporter-output>
        </test-method> <!-- navigateToForgotPasswordPageTest -->
        <test-method is-config="true" signature="beforeMethod()[pri:0, instance:com.qa.opencart.testcase.LoginPageTest@13cd7ea5]" started-at="2023-04-14T18:43:51 MST" name="beforeMethod" finished-at="2023-04-14T18:43:51 MST" duration-ms="11" status="PASS">
          <reporter-output>
          </reporter-output>
        </test-method> <!-- beforeMethod -->
        <test-method signature="verifyReturningCustomerHeaderTextTest()[pri:7, instance:com.qa.opencart.testcase.LoginPageTest@13cd7ea5]" started-at="2023-04-14T18:43:51 MST" name="verifyReturningCustomerHeaderTextTest" description="TC_07_verify returning Customer header in login Page" finished-at="2023-04-14T18:43:51 MST" duration-ms="69" status="PASS">
          <reporter-output>
          </reporter-output>
        </test-method> <!-- verifyReturningCustomerHeaderTextTest -->
        <test-method is-config="true" signature="beforeMethod()[pri:0, instance:com.qa.opencart.testcase.LoginPageTest@13cd7ea5]" started-at="2023-04-14T18:43:51 MST" name="beforeMethod" finished-at="2023-04-14T18:43:51 MST" duration-ms="12" status="PASS">
          <reporter-output>
          </reporter-output>
        </test-method> <!-- beforeMethod -->
        <test-method signature="emptyLoginTest()[pri:8, instance:com.qa.opencart.testcase.LoginPageTest@13cd7ea5]" started-at="2023-04-14T18:43:51 MST" name="emptyLoginTest" description="TC_09_Empty credentials login to the Open cart Application" finished-at="2023-04-14T18:44:01 MST" duration-ms="9677" status="PASS">
          <reporter-output>
          </reporter-output>
        </test-method> <!-- emptyLoginTest -->
        <test-method is-config="true" signature="beforeMethod()[pri:0, instance:com.qa.opencart.testcase.LoginPageTest@13cd7ea5]" started-at="2023-04-14T18:44:01 MST" name="beforeMethod" finished-at="2023-04-14T18:44:01 MST" duration-ms="14" status="PASS">
          <reporter-output>
          </reporter-output>
        </test-method> <!-- beforeMethod -->
        <test-method signature="happyPathLoginTest()[pri:9, instance:com.qa.opencart.testcase.LoginPageTest@13cd7ea5]" started-at="2023-04-14T18:44:01 MST" name="happyPathLoginTest" description="TC_08_login to the Open cart Application" finished-at="2023-04-14T18:44:09 MST" duration-ms="7681" status="PASS">
          <reporter-output>
          </reporter-output>
        </test-method> <!-- happyPathLoginTest -->
        <test-method is-config="true" signature="doLogout()[pri:0, instance:com.qa.opencart.testcase.LoginPageTest@13cd7ea5]" started-at="2023-04-14T18:44:09 MST" name="doLogout" finished-at="2023-04-14T18:44:17 MST" duration-ms="7843" status="PASS">
          <reporter-output>
          </reporter-output>
        </test-method> <!-- doLogout -->
        <test-method is-config="true" signature="commonTearDown()[pri:0, instance:com.qa.opencart.testcase.LoginPageTest@13cd7ea5]" started-at="2023-04-14T18:44:17 MST" name="commonTearDown" finished-at="2023-04-14T18:44:17 MST" duration-ms="301" status="PASS">
          <reporter-output>
          </reporter-output>
        </test-method> <!-- commonTearDown -->
      </class> <!-- com.qa.opencart.testcase.LoginPageTest -->
      <class name="com.qa.opencart.testcase.ProductDetailsPageTest">
        <test-method is-config="true" signature="commonSetUp(java.lang.String)[pri:0, instance:com.qa.opencart.testcase.ProductDetailsPageTest@18324f97]" started-at="2023-04-14T18:50:42 MST" name="commonSetUp" finished-at="2023-04-14T18:50:46 MST" duration-ms="4557" status="PASS">
          <params>
            <param index="0">
              <value>
                <![CDATA[chrome]]>
              </value>
            </param>
          </params>
          <reporter-output>
          </reporter-output>
        </test-method> <!-- commonSetUp -->
        <test-method is-config="true" signature="beforeClass()[pri:0, instance:com.qa.opencart.testcase.ProductDetailsPageTest@18324f97]" started-at="2023-04-14T18:50:46 MST" name="beforeClass" finished-at="2023-04-14T18:50:58 MST" duration-ms="12098" status="PASS">
          <reporter-output>
          </reporter-output>
        </test-method> <!-- beforeClass -->
        <test-method is-config="true" signature="beforeMethod()[pri:0, instance:com.qa.opencart.testcase.ProductDetailsPageTest@18324f97]" started-at="2023-04-14T18:50:58 MST" name="beforeMethod" finished-at="2023-04-14T18:50:58 MST" duration-ms="24" status="PASS">
          <reporter-output>
          </reporter-output>
        </test-method> <!-- beforeMethod -->
        <test-method signature="productImageTest(java.lang.String,java.lang.String,int)[pri:1, instance:com.qa.opencart.testcase.ProductDetailsPageTest@18324f97]" started-at="2023-04-14T18:50:58 MST" name="productImageTest" description="TC_01_Verify the product image test" data-provider="productImageTestData" finished-at="2023-04-14T18:51:05 MST" duration-ms="6863" status="PASS">
          <params>
            <param index="0">
              <value>
                <![CDATA[Macbook]]>
              </value>
            </param>
            <param index="1">
              <value>
                <![CDATA[MacBook Pro]]>
              </value>
            </param>
            <param index="2">
              <value>
                <![CDATA[4]]>
              </value>
            </param>
          </params>
          <reporter-output>
          </reporter-output>
        </test-method> <!-- productImageTest -->
        <test-method is-config="true" signature="beforeMethod()[pri:0, instance:com.qa.opencart.testcase.ProductDetailsPageTest@18324f97]" started-at="2023-04-14T18:51:06 MST" name="beforeMethod" finished-at="2023-04-14T18:51:06 MST" duration-ms="5" status="PASS">
          <reporter-output>
          </reporter-output>
        </test-method> <!-- beforeMethod -->
        <test-method signature="productImageTest(java.lang.String,java.lang.String,int)[pri:1, instance:com.qa.opencart.testcase.ProductDetailsPageTest@18324f97]" started-at="2023-04-14T18:51:06 MST" name="productImageTest" description="TC_01_Verify the product image test" data-provider="productImageTestData" finished-at="2023-04-14T18:51:12 MST" duration-ms="6033" status="PASS">
          <params>
            <param index="0">
              <value>
                <![CDATA[Macbook]]>
              </value>
            </param>
            <param index="1">
              <value>
                <![CDATA[MacBook Air]]>
              </value>
            </param>
            <param index="2">
              <value>
                <![CDATA[4]]>
              </value>
            </param>
          </params>
          <reporter-output>
          </reporter-output>
        </test-method> <!-- productImageTest -->
        <test-method is-config="true" signature="beforeMethod()[pri:0, instance:com.qa.opencart.testcase.ProductDetailsPageTest@18324f97]" started-at="2023-04-14T18:51:12 MST" name="beforeMethod" finished-at="2023-04-14T18:51:12 MST" duration-ms="10" status="PASS">
          <reporter-output>
          </reporter-output>
        </test-method> <!-- beforeMethod -->
        <test-method signature="productImageTest(java.lang.String,java.lang.String,int)[pri:1, instance:com.qa.opencart.testcase.ProductDetailsPageTest@18324f97]" started-at="2023-04-14T18:51:12 MST" name="productImageTest" description="TC_01_Verify the product image test" data-provider="productImageTestData" finished-at="2023-04-14T18:51:18 MST" duration-ms="6346" status="PASS">
          <params>
            <param index="0">
              <value>
                <![CDATA[iMac]]>
              </value>
            </param>
            <param index="1">
              <value>
                <![CDATA[iMac]]>
              </value>
            </param>
            <param index="2">
              <value>
                <![CDATA[3]]>
              </value>
            </param>
          </params>
          <reporter-output>
          </reporter-output>
        </test-method> <!-- productImageTest -->
        <test-method is-config="true" signature="beforeMethod()[pri:0, instance:com.qa.opencart.testcase.ProductDetailsPageTest@18324f97]" started-at="2023-04-14T18:51:19 MST" name="beforeMethod" finished-at="2023-04-14T18:51:19 MST" duration-ms="23" status="PASS">
          <reporter-output>
          </reporter-output>
        </test-method> <!-- beforeMethod -->
        <test-method signature="productImageTest(java.lang.String,java.lang.String,int)[pri:1, instance:com.qa.opencart.testcase.ProductDetailsPageTest@18324f97]" started-at="2023-04-14T18:51:19 MST" name="productImageTest" description="TC_01_Verify the product image test" data-provider="productImageTestData" finished-at="2023-04-14T18:51:25 MST" duration-ms="6080" status="PASS">
          <params>
            <param index="0">
              <value>
                <![CDATA[Samsung]]>
              </value>
            </param>
            <param index="1">
              <value>
                <![CDATA[Samsung SyncMaster 941BW]]>
              </value>
            </param>
            <param index="2">
              <value>
                <![CDATA[1]]>
              </value>
            </param>
          </params>
          <reporter-output>
          </reporter-output>
        </test-method> <!-- productImageTest -->
        <test-method is-config="true" signature="beforeMethod()[pri:0, instance:com.qa.opencart.testcase.ProductDetailsPageTest@18324f97]" started-at="2023-04-14T18:51:25 MST" name="beforeMethod" finished-at="2023-04-14T18:51:25 MST" duration-ms="8" status="PASS">
          <reporter-output>
          </reporter-output>
        </test-method> <!-- beforeMethod -->
        <test-method signature="productImageTest(java.lang.String,java.lang.String,int)[pri:1, instance:com.qa.opencart.testcase.ProductDetailsPageTest@18324f97]" started-at="2023-04-14T18:51:25 MST" name="productImageTest" description="TC_01_Verify the product image test" data-provider="productImageTestData" finished-at="2023-04-14T18:51:32 MST" duration-ms="6795" status="PASS">
          <params>
            <param index="0">
              <value>
                <![CDATA[Apple]]>
              </value>
            </param>
            <param index="1">
              <value>
                <![CDATA[Apple Cinema 30"]]>
              </value>
            </param>
            <param index="2">
              <value>
                <![CDATA[6]]>
              </value>
            </param>
          </params>
          <reporter-output>
          </reporter-output>
        </test-method> <!-- productImageTest -->
        <test-method is-config="true" signature="beforeMethod()[pri:0, instance:com.qa.opencart.testcase.ProductDetailsPageTest@18324f97]" started-at="2023-04-14T18:51:32 MST" name="beforeMethod" finished-at="2023-04-14T18:51:32 MST" duration-ms="9" status="PASS">
          <reporter-output>
          </reporter-output>
        </test-method> <!-- beforeMethod -->
        <test-method signature="ProductMetadataTest()[pri:2, instance:com.qa.opencart.testcase.ProductDetailsPageTest@18324f97]" started-at="2023-04-14T18:51:32 MST" name="ProductMetadataTest" description="TC_02_ product_metadata Test" finished-at="2023-04-14T18:51:39 MST" duration-ms="6510" status="PASS">
          <reporter-output>
          </reporter-output>
        </test-method> <!-- ProductMetadataTest -->
        <test-method is-config="true" signature="doLogout()[pri:0, instance:com.qa.opencart.testcase.ProductDetailsPageTest@18324f97]" started-at="2023-04-14T18:51:39 MST" name="doLogout" finished-at="2023-04-14T18:51:47 MST" duration-ms="8168" status="PASS">
          <reporter-output>
          </reporter-output>
        </test-method> <!-- doLogout -->
        <test-method is-config="true" signature="commonTearDown()[pri:0, instance:com.qa.opencart.testcase.ProductDetailsPageTest@18324f97]" started-at="2023-04-14T18:51:47 MST" name="commonTearDown" finished-at="2023-04-14T18:51:47 MST" duration-ms="268" status="PASS">
          <reporter-output>
          </reporter-output>
        </test-method> <!-- commonTearDown -->
      </class> <!-- com.qa.opencart.testcase.ProductDetailsPageTest -->
      <class name="com.qa.opencart.testcase.RegistrationPageTest">
        <test-method is-config="true" signature="testDataSetup()[pri:0, instance:com.qa.opencart.testcase.RegistrationPageTest@60723d6a]" started-at="2023-04-14T18:43:02 MST" name="testDataSetup" finished-at="2023-04-14T18:43:04 MST" duration-ms="1626" status="PASS">
          <reporter-output>
          </reporter-output>
        </test-method> <!-- testDataSetup -->
        <test-method is-config="true" signature="commonSetUp(java.lang.String)[pri:0, instance:com.qa.opencart.testcase.RegistrationPageTest@60723d6a]" started-at="2023-04-14T18:45:41 MST" name="commonSetUp" finished-at="2023-04-14T18:45:47 MST" duration-ms="6321" status="PASS">
          <params>
            <param index="0">
              <value>
                <![CDATA[chrome]]>
              </value>
            </param>
          </params>
          <reporter-output>
          </reporter-output>
        </test-method> <!-- commonSetUp -->
        <test-method is-config="true" signature="beforeClass()[pri:0, instance:com.qa.opencart.testcase.RegistrationPageTest@60723d6a]" started-at="2023-04-14T18:45:47 MST" name="beforeClass" finished-at="2023-04-14T18:45:47 MST" duration-ms="14" status="PASS">
          <reporter-output>
          </reporter-output>
        </test-method> <!-- beforeClass -->
        <test-method is-config="true" signature="beforeMethod()[pri:0, instance:com.qa.opencart.testcase.RegistrationPageTest@60723d6a]" started-at="2023-04-14T18:45:47 MST" name="beforeMethod" finished-at="2023-04-14T18:45:53 MST" duration-ms="5511" status="PASS">
          <reporter-output>
          </reporter-output>
        </test-method> <!-- beforeMethod -->
        <test-method signature="RegisterAccountTest()[pri:1, instance:com.qa.opencart.testcase.RegistrationPageTest@60723d6a]" started-at="2023-04-14T18:45:53 MST" name="RegisterAccountTest" description="TC_01_Register an account with faker data" finished-at="2023-04-14T18:46:39 MST" duration-ms="45808" status="PASS">
          <reporter-output>
          </reporter-output>
        </test-method> <!-- RegisterAccountTest -->
        <test-method is-config="true" signature="doLogout()[pri:0, instance:com.qa.opencart.testcase.RegistrationPageTest@60723d6a]" started-at="2023-04-14T18:46:39 MST" name="doLogout" finished-at="2023-04-14T18:46:47 MST" duration-ms="8073" status="PASS">
          <reporter-output>
          </reporter-output>
        </test-method> <!-- doLogout -->
        <test-method is-config="true" signature="beforeMethod()[pri:0, instance:com.qa.opencart.testcase.RegistrationPageTest@60723d6a]" started-at="2023-04-14T18:46:49 MST" name="beforeMethod" finished-at="2023-04-14T18:46:54 MST" duration-ms="5030" status="PASS">
          <reporter-output>
          </reporter-output>
        </test-method> <!-- beforeMethod -->
        <test-method signature="registerAccountWithExcelDataTest(java.lang.String,java.lang.String,java.lang.String,java.lang.String,java.lang.String)[pri:2, instance:com.qa.opencart.testcase.RegistrationPageTest@60723d6a]" started-at="2023-04-14T18:46:54 MST" name="registerAccountWithExcelDataTest" description="TC_02_Register an account with excel data" data-provider="excelData" finished-at="2023-04-14T18:47:38 MST" duration-ms="44573" status="PASS">
          <params>
            <param index="0">
              <value>
                <![CDATA[Vandana]]>
              </value>
            </param>
            <param index="1">
              <value>
                <![CDATA[senthil]]>
              </value>
            </param>
            <param index="2">
              <value>
                <![CDATA[3146069849]]>
              </value>
            </param>
            <param index="3">
              <value>
                <![CDATA[vandana@123]]>
              </value>
            </param>
            <param index="4">
              <value>
                <![CDATA[yes]]>
              </value>
            </param>
          </params>
          <reporter-output>
          </reporter-output>
        </test-method> <!-- registerAccountWithExcelDataTest -->
        <test-method is-config="true" signature="doLogout()[pri:0, instance:com.qa.opencart.testcase.RegistrationPageTest@60723d6a]" started-at="2023-04-14T18:47:38 MST" name="doLogout" finished-at="2023-04-14T18:47:46 MST" duration-ms="7807" status="PASS">
          <reporter-output>
          </reporter-output>
        </test-method> <!-- doLogout -->
        <test-method is-config="true" signature="beforeMethod()[pri:0, instance:com.qa.opencart.testcase.RegistrationPageTest@60723d6a]" started-at="2023-04-14T18:47:46 MST" name="beforeMethod" finished-at="2023-04-14T18:47:51 MST" duration-ms="4806" status="PASS">
          <reporter-output>
          </reporter-output>
        </test-method> <!-- beforeMethod -->
        <test-method signature="registerAccountWithExcelDataTest(java.lang.String,java.lang.String,java.lang.String,java.lang.String,java.lang.String)[pri:2, instance:com.qa.opencart.testcase.RegistrationPageTest@60723d6a]" started-at="2023-04-14T18:47:51 MST" name="registerAccountWithExcelDataTest" description="TC_02_Register an account with excel data" data-provider="excelData" finished-at="2023-04-14T18:48:37 MST" duration-ms="45569" status="PASS">
          <params>
            <param index="0">
              <value>
                <![CDATA[manju]]>
              </value>
            </param>
            <param index="1">
              <value>
                <![CDATA[jayaprakash]]>
              </value>
            </param>
            <param index="2">
              <value>
                <![CDATA[6.234445593E9]]>
              </value>
            </param>
            <param index="3">
              <value>
                <![CDATA[manju@123]]>
              </value>
            </param>
            <param index="4">
              <value>
                <![CDATA[no]]>
              </value>
            </param>
          </params>
          <reporter-output>
          </reporter-output>
        </test-method> <!-- registerAccountWithExcelDataTest -->
        <test-method is-config="true" signature="doLogout()[pri:0, instance:com.qa.opencart.testcase.RegistrationPageTest@60723d6a]" started-at="2023-04-14T18:48:37 MST" name="doLogout" finished-at="2023-04-14T18:48:44 MST" duration-ms="7766" status="PASS">
          <reporter-output>
          </reporter-output>
        </test-method> <!-- doLogout -->
        <test-method is-config="true" signature="beforeMethod()[pri:0, instance:com.qa.opencart.testcase.RegistrationPageTest@60723d6a]" started-at="2023-04-14T18:48:45 MST" name="beforeMethod" finished-at="2023-04-14T18:48:50 MST" duration-ms="5061" status="PASS">
          <reporter-output>
          </reporter-output>
        </test-method> <!-- beforeMethod -->
        <test-method signature="registerAccountWithExcelDataTest(java.lang.String,java.lang.String,java.lang.String,java.lang.String,java.lang.String)[pri:2, instance:com.qa.opencart.testcase.RegistrationPageTest@60723d6a]" started-at="2023-04-14T18:48:50 MST" name="registerAccountWithExcelDataTest" description="TC_02_Register an account with excel data" data-provider="excelData" finished-at="2023-04-14T18:49:35 MST" duration-ms="45745" status="PASS">
          <params>
            <param index="0">
              <value>
                <![CDATA[harshini]]>
              </value>
            </param>
            <param index="1">
              <value>
                <![CDATA[ch]]>
              </value>
            </param>
            <param index="2">
              <value>
                <![CDATA[6303236395]]>
              </value>
            </param>
            <param index="3">
              <value>
                <![CDATA[harshini@123]]>
              </value>
            </param>
            <param index="4">
              <value>
                <![CDATA[yes]]>
              </value>
            </param>
          </params>
          <reporter-output>
          </reporter-output>
        </test-method> <!-- registerAccountWithExcelDataTest -->
        <test-method is-config="true" signature="doLogout()[pri:0, instance:com.qa.opencart.testcase.RegistrationPageTest@60723d6a]" started-at="2023-04-14T18:49:36 MST" name="doLogout" finished-at="2023-04-14T18:49:43 MST" duration-ms="7725" status="PASS">
          <reporter-output>
          </reporter-output>
        </test-method> <!-- doLogout -->
        <test-method is-config="true" signature="beforeMethod()[pri:0, instance:com.qa.opencart.testcase.RegistrationPageTest@60723d6a]" started-at="2023-04-14T18:49:43 MST" name="beforeMethod" finished-at="2023-04-14T18:49:48 MST" duration-ms="5089" status="PASS">
          <reporter-output>
          </reporter-output>
        </test-method> <!-- beforeMethod -->
        <test-method signature="registerAccountWithExcelDataTest(java.lang.String,java.lang.String,java.lang.String,java.lang.String,java.lang.String)[pri:2, instance:com.qa.opencart.testcase.RegistrationPageTest@60723d6a]" started-at="2023-04-14T18:49:48 MST" name="registerAccountWithExcelDataTest" description="TC_02_Register an account with excel data" data-provider="excelData" finished-at="2023-04-14T18:50:34 MST" duration-ms="45144" status="PASS">
          <params>
            <param index="0">
              <value>
                <![CDATA[bhavana]]>
              </value>
            </param>
            <param index="1">
              <value>
                <![CDATA[Uppara]]>
              </value>
            </param>
            <param index="2">
              <value>
                <![CDATA[2.065519189E9]]>
              </value>
            </param>
            <param index="3">
              <value>
                <![CDATA[bhavana@123]]>
              </value>
            </param>
            <param index="4">
              <value>
                <![CDATA[no]]>
              </value>
            </param>
          </params>
          <reporter-output>
          </reporter-output>
        </test-method> <!-- registerAccountWithExcelDataTest -->
        <test-method is-config="true" signature="doLogout()[pri:0, instance:com.qa.opencart.testcase.RegistrationPageTest@60723d6a]" started-at="2023-04-14T18:50:34 MST" name="doLogout" finished-at="2023-04-14T18:50:41 MST" duration-ms="7571" status="PASS">
          <reporter-output>
          </reporter-output>
        </test-method> <!-- doLogout -->
        <test-method is-config="true" signature="commonTearDown()[pri:0, instance:com.qa.opencart.testcase.RegistrationPageTest@60723d6a]" started-at="2023-04-14T18:50:41 MST" name="commonTearDown" finished-at="2023-04-14T18:50:42 MST" duration-ms="362" status="PASS">
          <reporter-output>
          </reporter-output>
        </test-method> <!-- commonTearDown -->
      </class> <!-- com.qa.opencart.testcase.RegistrationPageTest -->
    </test> <!-- OpenCartTest -->
  </suite> <!-- OpenCartSuite -->
</testng-results>
