<?xml version="1.0" encoding="UTF-8"?>
<testsuite xmlns:xsi="http://www.w3.org/2001/XMLSchema-instance" xsi:schemaLocation="https://maven.apache.org/surefire/maven-surefire-plugin/xsd/surefire-test-report.xsd" name="TestSuite" time="529.152" tests="33" errors="0" skipped="0" failures="0">
  <properties>
[...]
</properties>
  <testcase name="verifyOpenCartLogoTest" classname="com.qa.opencart.testcase.HomePageTest" time="0.507"/>
  <testcase name="verifyOpenCartPageTitleTest" classname="com.qa.opencart.testcase.HomePageTest" time="0.273"/>
  <testcase name="navigateToRegistrationPageTest" classname="com.qa.opencart.testcase.HomePageTest" time="8.637"/>
  <testcase name="navigateToLoginPageTest" classname="com.qa.opencart.testcase.HomePageTest" time="8.232"/>
  <testcase name="verifyLoginPageUrlTest" classname="com.qa.opencart.testcase.LoginPageTest" time="0.319"/>
  <testcase name="verifyLoginPageTitleTest" classname="com.qa.opencart.testcase.LoginPageTest" time="0.262"/>
  <testcase name="verifyNewCustomerHeaderTest" classname="com.qa.opencart.testcase.LoginPageTest" time="0.335"/>
  <testcase name="verifyRegisterAccountTextTest" classname="com.qa.opencart.testcase.LoginPageTest" time="0.315"/>
  <testcase name="navigateToRegistrationPageTest" classname="com.qa.opencart.testcase.LoginPageTest" time="3.63"/>
  <testcase name="navigateToForgotPasswordPageTest" classname="com.qa.opencart.testcase.LoginPageTest" time="3.351"/>
  <testcase name="verifyReturningCustomerHeaderTextTest" classname="com.qa.opencart.testcase.LoginPageTest" time="0.218"/>
  <testcase name="emptyLoginTest" classname="com.qa.opencart.testcase.LoginPageTest" time="9.94"/>
  <testcase name="happyPathLoginTest" classname="com.qa.opencart.testcase.LoginPageTest" time="7.969"/>
  <testcase name="verifyMyAccountPageUrlTest" classname="com.qa.opencart.testcase.MyAccountPageTest" time="0.214"/>
  <testcase name="verifyMyAccountPageTitleTest" classname="com.qa.opencart.testcase.MyAccountPageTest" time="0.166"/>
  <testcase name="verifyMyAccountPageElementsTest" classname="com.qa.opencart.testcase.MyAccountPageTest" time="2.489"/>
  <testcase name="verifyMyAccountMenuOptionsTest" classname="com.qa.opencart.testcase.MyAccountPageTest" time="2.484"/>
  <testcase name="verifyMyAccountHeadersListTest" classname="com.qa.opencart.testcase.MyAccountPageTest" time="0.215"/>
  <testcase name="verifyBrokenLinksInMyAccountPageTest" classname="com.qa.opencart.testcase.MyAccountPageTest" time="32.944"/>
  <testcase name="PerformProductSearchTest" classname="com.qa.opencart.testcase.MyAccountPageTest" time="6.196"/>
  <testcase name="PerformProductSearchTest" classname="com.qa.opencart.testcase.MyAccountPageTest" time="5.76"/>
  <testcase name="PerformProductSearchTest" classname="com.qa.opencart.testcase.MyAccountPageTest" time="5.681"/>
  <testcase name="RegisterAccountTest" classname="com.qa.opencart.testcase.RegistrationPageTest" time="46.099"/>
  <testcase name="registerAccountWithExcelDataTest" classname="com.qa.opencart.testcase.RegistrationPageTest" time="44.773"/>
  <testcase name="registerAccountWithExcelDataTest" classname="com.qa.opencart.testcase.RegistrationPageTest" time="45.746"/>
  <testcase name="registerAccountWithExcelDataTest" classname="com.qa.opencart.testcase.RegistrationPageTest" time="46.011"/>
  <testcase name="registerAccountWithExcelDataTest" classname="com.qa.opencart.testcase.RegistrationPageTest" time="45.322"/>
  <testcase name="productImageTest" classname="com.qa.opencart.testcase.ProductDetailsPageTest" time="7.182"/>
  <testcase name="productImageTest" classname="com.qa.opencart.testcase.ProductDetailsPageTest" time="6.298"/>
  <testcase name="productImageTest" classname="com.qa.opencart.testcase.ProductDetailsPageTest" time="6.687"/>
  <testcase name="productImageTest" classname="com.qa.opencart.testcase.ProductDetailsPageTest" time="6.434"/>
  <testcase name="productImageTest" classname="com.qa.opencart.testcase.ProductDetailsPageTest" time="7.108"/>
  <testcase name="ProductMetadataTest" classname="com.qa.opencart.testcase.ProductDetailsPageTest" time="6.746"/>
</testsuite>