<?xml version="1.0" encoding="UTF-8"?>
<testng-results ignored="7" total="15" passed="8" failed="0" skipped="0">
  <reporter-output>
  </reporter-output>
  <suite started-at="2023-04-12T19:35:51 MST" name="Failed suite [OpenCartSuite]" finished-at="2023-04-12T19:37:29 MST" duration-ms="98119">
    <groups>
    </groups>
    <test started-at="2023-04-12T19:35:51 MST" name="OpenCartTest(failed)" finished-at="2023-04-12T19:37:29 MST" duration-ms="98119">
      <class name="com.qa.opencart.testcase.MyAccountPageTest">
        <test-method is-config="true" signature="commonSetUp(java.lang.String)[pri:0, instance:com.qa.opencart.testcase.MyAccountPageTest@1ecfcbc9]" started-at="2023-04-12T19:35:51 MST" name="commonSetUp" finished-at="2023-04-12T19:35:57 MST" duration-ms="5916" status="PASS">
          <params>
            <param index="0">
              <value>
                <![CDATA[chrome]]>
              </value>
            </param>
          </params>
          <reporter-output>
          </reporter-output>
        </test-method> <!-- commonSetUp -->
        <test-method is-config="true" signature="beforeClass()[pri:0, instance:com.qa.opencart.testcase.MyAccountPageTest@1ecfcbc9]" started-at="2023-04-12T19:35:57 MST" name="beforeClass" finished-at="2023-04-12T19:36:09 MST" duration-ms="12039" status="PASS">
          <reporter-output>
          </reporter-output>
        </test-method> <!-- beforeClass -->
        <test-method is-config="true" signature="beforeMethod()[pri:0, instance:com.qa.opencart.testcase.MyAccountPageTest@1ecfcbc9]" started-at="2023-04-12T19:36:09 MST" name="beforeMethod" finished-at="2023-04-12T19:36:09 MST" duration-ms="9" status="PASS">
          <reporter-output>
          </reporter-output>
        </test-method> <!-- beforeMethod -->
        <test-method signature="PerformProductSearchTest(java.lang.String)[pri:7, instance:com.qa.opencart.testcase.MyAccountPageTest@1ecfcbc9]" started-at="2023-04-12T19:36:09 MST" name="PerformProductSearchTest" description="TC_07_Perform product search" data-provider="products" finished-at="2023-04-12T19:36:14 MST" duration-ms="5072" status="PASS">
          <params>
            <param index="0">
              <value>
                <![CDATA[MacBook]]>
              </value>
            </param>
          </params>
          <reporter-output>
          </reporter-output>
        </test-method> <!-- PerformProductSearchTest -->
        <test-method is-config="true" signature="beforeMethod()[pri:0, instance:com.qa.opencart.testcase.MyAccountPageTest@1ecfcbc9]" started-at="2023-04-12T19:36:15 MST" name="beforeMethod" finished-at="2023-04-12T19:36:15 MST" duration-ms="16" status="PASS">
          <reporter-output>
          </reporter-output>
        </test-method> <!-- beforeMethod -->
        <test-method signature="PerformProductSearchTest(java.lang.String)[pri:7, instance:com.qa.opencart.testcase.MyAccountPageTest@1ecfcbc9]" started-at="2023-04-12T19:36:15 MST" name="PerformProductSearchTest" description="TC_07_Perform product search" data-provider="products" finished-at="2023-04-12T19:36:20 MST" duration-ms="4962" status="PASS">
          <params>
            <param index="0">
              <value>
                <![CDATA[iMac]]>
              </value>
            </param>
          </params>
          <reporter-output>
          </reporter-output>
        </test-method> <!-- PerformProductSearchTest -->
        <test-method is-config="true" signature="beforeMethod()[pri:0, instance:com.qa.opencart.testcase.MyAccountPageTest@1ecfcbc9]" started-at="2023-04-12T19:36:20 MST" name="beforeMethod" finished-at="2023-04-12T19:36:20 MST" duration-ms="11" status="PASS">
          <reporter-output>
          </reporter-output>
        </test-method> <!-- beforeMethod -->
        <test-method signature="PerformProductSearchTest(java.lang.String)[pri:7, instance:com.qa.opencart.testcase.MyAccountPageTest@1ecfcbc9]" started-at="2023-04-12T19:36:20 MST" name="PerformProductSearchTest" description="TC_07_Perform product search" data-provider="products" finished-at="2023-04-12T19:36:25 MST" duration-ms="5013" status="PASS">
          <params>
            <param index="0">
              <value>
                <![CDATA[Samsung]]>
              </value>
            </param>
          </params>
          <reporter-output>
          </reporter-output>
        </test-method> <!-- PerformProductSearchTest -->
        <test-method is-config="true" signature="doLogout()[pri:0, instance:com.qa.opencart.testcase.MyAccountPageTest@1ecfcbc9]" started-at="2023-04-12T19:36:25 MST" name="doLogout" finished-at="2023-04-12T19:36:33 MST" duration-ms="7629" status="PASS">
          <reporter-output>
          </reporter-output>
        </test-method> <!-- doLogout -->
        <test-method is-config="true" signature="commonTearDown()[pri:0, instance:com.qa.opencart.testcase.MyAccountPageTest@1ecfcbc9]" started-at="2023-04-12T19:36:33 MST" name="commonTearDown" finished-at="2023-04-12T19:36:33 MST" duration-ms="217" status="PASS">
          <reporter-output>
          </reporter-output>
        </test-method> <!-- commonTearDown -->
      </class> <!-- com.qa.opencart.testcase.MyAccountPageTest -->
      <class name="com.qa.opencart.testcase.ProductDetailsPageTest">
        <test-method is-config="true" signature="commonSetUp(java.lang.String)[pri:0, instance:com.qa.opencart.testcase.ProductDetailsPageTest@8c46918]" started-at="2023-04-12T19:36:33 MST" name="commonSetUp" finished-at="2023-04-12T19:36:37 MST" duration-ms="4597" status="PASS">
          <params>
            <param index="0">
              <value>
                <![CDATA[chrome]]>
              </value>
            </param>
          </params>
          <reporter-output>
          </reporter-output>
        </test-method> <!-- commonSetUp -->
        <test-method is-config="true" signature="beforeClass()[pri:0, instance:com.qa.opencart.testcase.ProductDetailsPageTest@8c46918]" started-at="2023-04-12T19:36:37 MST" name="beforeClass" finished-at="2023-04-12T19:36:50 MST" duration-ms="12129" status="PASS">
          <reporter-output>
          </reporter-output>
        </test-method> <!-- beforeClass -->
        <test-method is-config="true" signature="beforeMethod()[pri:0, instance:com.qa.opencart.testcase.ProductDetailsPageTest@8c46918]" started-at="2023-04-12T19:36:50 MST" name="beforeMethod" finished-at="2023-04-12T19:36:50 MST" duration-ms="9" status="PASS">
          <reporter-output>
          </reporter-output>
        </test-method> <!-- beforeMethod -->
        <test-method signature="productImageTest(java.lang.String,java.lang.String,int)[pri:1, instance:com.qa.opencart.testcase.ProductDetailsPageTest@8c46918]" started-at="2023-04-12T19:36:50 MST" name="productImageTest" description="TC_01_Verify the product image test" data-provider="productImageTestData" finished-at="2023-04-12T19:36:57 MST" duration-ms="7150" status="PASS">
          <params>
            <param index="0">
              <value>
                <![CDATA[Macbook]]>
              </value>
            </param>
            <param index="1">
              <value>
                <![CDATA[MacBook Pro]]>
              </value>
            </param>
            <param index="2">
              <value>
                <![CDATA[4]]>
              </value>
            </param>
          </params>
          <reporter-output>
          </reporter-output>
        </test-method> <!-- productImageTest -->
        <test-method is-config="true" signature="beforeMethod()[pri:0, instance:com.qa.opencart.testcase.ProductDetailsPageTest@8c46918]" started-at="2023-04-12T19:36:57 MST" name="beforeMethod" finished-at="2023-04-12T19:36:57 MST" duration-ms="34" status="PASS">
          <reporter-output>
          </reporter-output>
        </test-method> <!-- beforeMethod -->
        <test-method signature="productImageTest(java.lang.String,java.lang.String,int)[pri:1, instance:com.qa.opencart.testcase.ProductDetailsPageTest@8c46918]" started-at="2023-04-12T19:36:57 MST" name="productImageTest" description="TC_01_Verify the product image test" data-provider="productImageTestData" finished-at="2023-04-12T19:37:03 MST" duration-ms="6098" status="PASS">
          <params>
            <param index="0">
              <value>
                <![CDATA[Macbook]]>
              </value>
            </param>
            <param index="1">
              <value>
                <![CDATA[MacBook Air]]>
              </value>
            </param>
            <param index="2">
              <value>
                <![CDATA[4]]>
              </value>
            </param>
          </params>
          <reporter-output>
          </reporter-output>
        </test-method> <!-- productImageTest -->
        <test-method is-config="true" signature="beforeMethod()[pri:0, instance:com.qa.opencart.testcase.ProductDetailsPageTest@8c46918]" started-at="2023-04-12T19:37:03 MST" name="beforeMethod" finished-at="2023-04-12T19:37:03 MST" duration-ms="8" status="PASS">
          <reporter-output>
          </reporter-output>
        </test-method> <!-- beforeMethod -->
        <test-method signature="productImageTest(java.lang.String,java.lang.String,int)[pri:1, instance:com.qa.opencart.testcase.ProductDetailsPageTest@8c46918]" started-at="2023-04-12T19:37:03 MST" name="productImageTest" description="TC_01_Verify the product image test" data-provider="productImageTestData" finished-at="2023-04-12T19:37:09 MST" duration-ms="6083" status="PASS">
          <params>
            <param index="0">
              <value>
                <![CDATA[iMac]]>
              </value>
            </param>
            <param index="1">
              <value>
                <![CDATA[iMac]]>
              </value>
            </param>
            <param index="2">
              <value>
                <![CDATA[3]]>
              </value>
            </param>
          </params>
          <reporter-output>
          </reporter-output>
        </test-method> <!-- productImageTest -->
        <test-method is-config="true" signature="beforeMethod()[pri:0, instance:com.qa.opencart.testcase.ProductDetailsPageTest@8c46918]" started-at="2023-04-12T19:37:10 MST" name="beforeMethod" finished-at="2023-04-12T19:37:10 MST" duration-ms="10" status="PASS">
          <reporter-output>
          </reporter-output>
        </test-method> <!-- beforeMethod -->
        <test-method signature="productImageTest(java.lang.String,java.lang.String,int)[pri:1, instance:com.qa.opencart.testcase.ProductDetailsPageTest@8c46918]" started-at="2023-04-12T19:37:10 MST" name="productImageTest" description="TC_01_Verify the product image test" data-provider="productImageTestData" finished-at="2023-04-12T19:37:15 MST" duration-ms="5841" status="PASS">
          <params>
            <param index="0">
              <value>
                <![CDATA[Samsung]]>
              </value>
            </param>
            <param index="1">
              <value>
                <![CDATA[Samsung SyncMaster 941BW]]>
              </value>
            </param>
            <param index="2">
              <value>
                <![CDATA[1]]>
              </value>
            </param>
          </params>
          <reporter-output>
          </reporter-output>
        </test-method> <!-- productImageTest -->
        <test-method is-config="true" signature="beforeMethod()[pri:0, instance:com.qa.opencart.testcase.ProductDetailsPageTest@8c46918]" started-at="2023-04-12T19:37:16 MST" name="beforeMethod" finished-at="2023-04-12T19:37:16 MST" duration-ms="10" status="PASS">
          <reporter-output>
          </reporter-output>
        </test-method> <!-- beforeMethod -->
        <test-method signature="productImageTest(java.lang.String,java.lang.String,int)[pri:1, instance:com.qa.opencart.testcase.ProductDetailsPageTest@8c46918]" started-at="2023-04-12T19:37:16 MST" name="productImageTest" description="TC_01_Verify the product image test" data-provider="productImageTestData" finished-at="2023-04-12T19:37:21 MST" duration-ms="5897" status="PASS">
          <params>
            <param index="0">
              <value>
                <![CDATA[Apple]]>
              </value>
            </param>
            <param index="1">
              <value>
                <![CDATA[Apple Cinema 30"]]>
              </value>
            </param>
            <param index="2">
              <value>
                <![CDATA[6]]>
              </value>
            </param>
          </params>
          <reporter-output>
          </reporter-output>
        </test-method> <!-- productImageTest -->
        <test-method is-config="true" signature="doLogout()[pri:0, instance:com.qa.opencart.testcase.ProductDetailsPageTest@8c46918]" started-at="2023-04-12T19:37:22 MST" name="doLogout" finished-at="2023-04-12T19:37:29 MST" duration-ms="7392" status="PASS">
          <reporter-output>
          </reporter-output>
        </test-method> <!-- doLogout -->
        <test-method is-config="true" signature="commonTearDown()[pri:0, instance:com.qa.opencart.testcase.ProductDetailsPageTest@8c46918]" started-at="2023-04-12T19:37:29 MST" name="commonTearDown" finished-at="2023-04-12T19:37:29 MST" duration-ms="181" status="PASS">
          <reporter-output>
          </reporter-output>
        </test-method> <!-- commonTearDown -->
      </class> <!-- com.qa.opencart.testcase.ProductDetailsPageTest -->
    </test> <!-- OpenCartTest(failed) -->
  </suite> <!-- Failed suite [OpenCartSuite] -->
</testng-results>
